<?xml version="1.0" encoding="UTF-8"?>
<testng-results ignored="67" total="68" passed="0" failed="1" skipped="0">
  <reporter-output>
  </reporter-output>
  <suite started-at="2022-07-12T11:26:23Z" name="Suite" finished-at="2022-07-12T11:26:40Z" duration-ms="16589">
    <groups>
    </groups>
    <test started-at="2022-07-12T11:26:23Z" name="Test" finished-at="2022-07-12T11:26:40Z" duration-ms="16589">
      <class name="com.codon.VueHMS.testcases.LoginTest">
        <test-method is-config="true" signature="loginIntoApplication()[pri:0, instance:com.codon.VueHMS.testcases.LoginTest@62230c58]" started-at="2022-07-12T11:26:23Z" name="loginIntoApplication" finished-at="2022-07-12T11:26:35Z" duration-ms="11381" status="PASS">
          <reporter-output>
          </reporter-output>
        </test-method> <!-- loginIntoApplication -->
        <test-method signature="loginTest()[pri:0, instance:com.codon.VueHMS.testcases.LoginTest@62230c58]" started-at="2022-07-12T11:26:35Z" name="loginTest" finished-at="2022-07-12T11:26:35Z" duration-ms="40" status="FAIL">
          <exception class="java.io.FileNotFoundException">
            <message>
              <![CDATA[G:\HMSVue.xls (The system cannot find the file specified)]]>
            </message>
            <full-stacktrace>
              <![CDATA[java.io.FileNotFoundException: G:\HMSVue.xls (The system cannot find the file specified)
at java.base/java.io.FileInputStream.open0(Native Method)
at java.base/java.io.FileInputStream.open(FileInputStream.java:216)
at java.base/java.io.FileInputStream.<init>(FileInputStream.java:157)
at java.base/java.io.FileInputStream.<init>(FileInputStream.java:111)
at com.codon.VueHMS.utilities.ExcelRead.getRowCount(ExcelRead.java:25)
at com.codon.VueHMS.testcases.LoginTest.loginTest(LoginTest.java:50)
at java.base/jdk.internal.reflect.NativeMethodAccessorImpl.invoke0(Native Method)
at java.base/jdk.internal.reflect.NativeMethodAccessorImpl.invoke(NativeMethodAccessorImpl.java:77)
at java.base/jdk.internal.reflect.DelegatingMethodAccessorImpl.invoke(DelegatingMethodAccessorImpl.java:43)
at java.base/java.lang.reflect.Method.invoke(Method.java:568)
at org.testng.internal.MethodInvocationHelper.invokeMethod(MethodInvocationHelper.java:124)
at org.testng.internal.Invoker.invokeMethod(Invoker.java:583)
at org.testng.internal.Invoker.invokeTestMethod(Invoker.java:719)
at org.testng.internal.Invoker.invokeTestMethods(Invoker.java:989)
at org.testng.internal.TestMethodWorker.invokeTestMethods(TestMethodWorker.java:125)
at org.testng.internal.TestMethodWorker.run(TestMethodWorker.java:109)
at org.testng.TestRunner.privateRun(TestRunner.java:648)
at org.testng.TestRunner.run(TestRunner.java:505)
at org.testng.SuiteRunner.runTest(SuiteRunner.java:455)
at org.testng.SuiteRunner.runSequentially(SuiteRunner.java:450)
at org.testng.SuiteRunner.privateRun(SuiteRunner.java:415)
at org.testng.SuiteRunner.run(SuiteRunner.java:364)
at org.testng.SuiteRunnerWorker.runSuite(SuiteRunnerWorker.java:52)
at org.testng.SuiteRunnerWorker.run(SuiteRunnerWorker.java:84)
at org.testng.TestNG.runSuitesSequentially(TestNG.java:1208)
at org.testng.TestNG.runSuitesLocally(TestNG.java:1137)
at org.testng.TestNG.runSuites(TestNG.java:1049)
at org.testng.TestNG.run(TestNG.java:1017)
at org.testng.remote.AbstractRemoteTestNG.run(AbstractRemoteTestNG.java:115)
at org.testng.remote.RemoteTestNG.initAndRun(RemoteTestNG.java:251)
at org.testng.remote.RemoteTestNG.main(RemoteTestNG.java:77)
]]>
            </full-stacktrace>
          </exception> <!-- java.io.FileNotFoundException -->
          <reporter-output>
          </reporter-output>
        </test-method> <!-- loginTest -->
        <test-method is-config="true" signature="logoutFromApplication()[pri:0, instance:com.codon.VueHMS.testcases.LoginTest@62230c58]" started-at="2022-07-12T11:26:35Z" name="logoutFromApplication" finished-at="2022-07-12T11:26:40Z" duration-ms="4746" status="PASS">
          <reporter-output>
          </reporter-output>
        </test-method> <!-- logoutFromApplication -->
      </class> <!-- com.codon.VueHMS.testcases.LoginTest -->
    </test> <!-- Test -->
  </suite> <!-- Suite -->
</testng-results>
