<?xml version="1.0" encoding="UTF-8"?>
<!-- Generated by org.testng.reporters.JUnitXMLReporter -->
<testsuite ignored="67" hostname="NARASIMHA" failures="1" tests="1" name="Test" time="16.589" errors="0" timestamp="12 Jul 2022 11:26:40 GMT">
  <testcase classname="com.codon.VueHMS.testcases.LoginTest" name="loginTest" time="0.04">
    <failure type="java.io.FileNotFoundException" message="G:\HMSVue.xls (The system cannot find the file specified)">
      <![CDATA[java.io.FileNotFoundException: G:\HMSVue.xls (The system cannot find the file specified)
at java.base/java.io.FileInputStream.open0(Native Method)
at java.base/java.io.FileInputStream.open(FileInputStream.java:216)
at java.base/java.io.FileInputStream.<init>(FileInputStream.java:157)
at java.base/java.io.FileInputStream.<init>(FileInputStream.java:111)
at com.codon.VueHMS.utilities.ExcelRead.getRowCount(ExcelRead.java:25)
at com.codon.VueHMS.testcases.LoginTest.loginTest(LoginTest.java:50)
... Removed 25 stack frames]]>
    </failure>
  </testcase> <!-- loginTest -->
  <testcase classname="com.codon.VueHMS.testcases.DoctorsGrid" name="editDoctorDetails" time="0.0">
    <ignored/>
  </testcase> <!-- editDoctorDetails -->
  <testcase classname="com.codon.VueHMS.testcases.LocationsGrid" name="editlocation" time="0.0">
    <ignored/>
  </testcase> <!-- editlocation -->
  <testcase classname="com.codon.VueHMS.testcases.TaxCodes" name="deleteTaxCodes" time="0.0">
    <ignored/>
  </testcase> <!-- deleteTaxCodes -->
  <testcase classname="com.codon.VueHMS.testcases.LocationsGrid" name="editBed" time="0.0">
    <ignored/>
  </testcase> <!-- editBed -->
  <testcase classname="com.codon.VueHMS.testcases.References" name="deleteReferences" time="0.0">
    <ignored/>
  </testcase> <!-- deleteReferences -->
  <testcase classname="com.codon.VueHMS.testcases.RolesGrid" name="deleteRole" time="0.0">
    <ignored/>
  </testcase> <!-- deleteRole -->
  <testcase classname="com.codon.VueHMS.testcases.PrescribedTests" name="deleteTests" time="0.0">
    <ignored/>
  </testcase> <!-- deleteTests -->
  <testcase classname="com.codon.VueHMS.testcases.MedicinesGrid" name="deleteMedicine" time="0.0">
    <ignored/>
  </testcase> <!-- deleteMedicine -->
  <testcase classname="com.codon.VueHMS.testcases.PatientsModule" name="patientsCreation" time="0.0">
    <ignored/>
  </testcase> <!-- patientsCreation -->
  <testcase classname="com.codon.VueHMS.testcases.RolesGrid" name="roleCreation" time="0.0">
    <ignored/>
  </testcase> <!-- roleCreation -->
  <testcase classname="com.codon.VueHMS.testcases.Manufacturers" name="deleteManufacturer" time="0.0">
    <ignored/>
  </testcase> <!-- deleteManufacturer -->
  <testcase classname="com.codon.VueHMS.testcases.Appointments" name="deleteAppointment" time="0.0">
    <ignored/>
  </testcase> <!-- deleteAppointment -->
  <testcase classname="com.codon.VueHMS.testcases.UsersGrid" name="editUser" time="0.0">
    <ignored/>
  </testcase> <!-- editUser -->
  <testcase classname="com.codon.VueHMS.testcases.LocationsGrid" name="deleteLocation" time="0.0">
    <ignored/>
  </testcase> <!-- deleteLocation -->
  <testcase classname="com.codon.VueHMS.testcases.UsersGrid" name="resetPassword" time="0.0">
    <ignored/>
  </testcase> <!-- resetPassword -->
  <testcase classname="com.codon.VueHMS.testcases.LocationsGrid" name="editRoom" time="0.0">
    <ignored/>
  </testcase> <!-- editRoom -->
  <testcase classname="com.codon.VueHMS.testcases.MedicinesGrid" name="stockDetailsCreation" time="0.0">
    <ignored/>
  </testcase> <!-- stockDetailsCreation -->
  <testcase classname="com.codon.VueHMS.testcases.LocationsGrid" name="roomCreation" time="0.0">
    <ignored/>
  </testcase> <!-- roomCreation -->
  <testcase classname="com.codon.VueHMS.testcases.LocationsGrid" name="assignCost" time="0.0">
    <ignored/>
  </testcase> <!-- assignCost -->
  <testcase classname="com.codon.VueHMS.testcases.PackTypes" name="editPackTypes" time="0.0">
    <ignored/>
  </testcase> <!-- editPackTypes -->
  <testcase classname="com.codon.VueHMS.testcases.PackTypes" name="deletePackTypes" time="0.0">
    <ignored/>
  </testcase> <!-- deletePackTypes -->
  <testcase classname="com.codon.VueHMS.testcases.UsersGrid" name="deleteUser" time="0.0">
    <ignored/>
  </testcase> <!-- deleteUser -->
  <testcase classname="com.codon.VueHMS.testcases.MedicinesGrid" name="editMedicineDetails" time="0.0">
    <ignored/>
  </testcase> <!-- editMedicineDetails -->
  <testcase classname="com.codon.VueHMS.testcases.PrescribedMedicines" name="editMedicines" time="0.0">
    <ignored/>
  </testcase> <!-- editMedicines -->
  <testcase classname="com.codon.VueHMS.testcases.PrescribedMedicines" name="addMedicines" time="0.0">
    <ignored/>
  </testcase> <!-- addMedicines -->
  <testcase classname="com.codon.VueHMS.testcases.LocationsGrid" name="deleteBed" time="0.0">
    <ignored/>
  </testcase> <!-- deleteBed -->
  <testcase classname="com.codon.VueHMS.testcases.PrescribedTests" name="editTests" time="0.0">
    <ignored/>
  </testcase> <!-- editTests -->
  <testcase classname="com.codon.VueHMS.testcases.PrescribedMedicines" name="deleteMedicines" time="0.0">
    <ignored/>
  </testcase> <!-- deleteMedicines -->
  <testcase classname="com.codon.VueHMS.testcases.PrescribedTests" name="deleteDocuments" time="0.0">
    <ignored/>
  </testcase> <!-- deleteDocuments -->
  <testcase classname="com.codon.VueHMS.testcases.LocationsGrid" name="locationCreation" time="0.0">
    <ignored/>
  </testcase> <!-- locationCreation -->
  <testcase classname="com.codon.VueHMS.testcases.PrescribedTests" name="testComments" time="0.0">
    <ignored/>
  </testcase> <!-- testComments -->
  <testcase classname="com.codon.VueHMS.testcases.ServicesOfferedGrid" name="editServices" time="0.0">
    <ignored/>
  </testcase> <!-- editServices -->
  <testcase classname="com.codon.VueHMS.testcases.RolesGrid" name="editRole" time="0.0">
    <ignored/>
  </testcase> <!-- editRole -->
  <testcase classname="com.codon.VueHMS.testcases.PrescribedTests" name="testCreation" time="0.0">
    <ignored/>
  </testcase> <!-- testCreation -->
  <testcase classname="com.codon.VueHMS.testcases.Departments" name="departmentCreation" time="0.0">
    <ignored/>
  </testcase> <!-- departmentCreation -->
  <testcase classname="com.codon.VueHMS.testcases.Appointments" name="editAppointment" time="0.0">
    <ignored/>
  </testcase> <!-- editAppointment -->
  <testcase classname="com.codon.VueHMS.testcases.Skills" name="skillCreation" time="0.0">
    <ignored/>
  </testcase> <!-- skillCreation -->
  <testcase classname="com.codon.VueHMS.testcases.TaxCodes" name="taxCodesCreation" time="0.0">
    <ignored/>
  </testcase> <!-- taxCodesCreation -->
  <testcase classname="com.codon.VueHMS.testcases.PatientInfoTab" name="editPatientInfo" time="0.0">
    <ignored/>
  </testcase> <!-- editPatientInfo -->
  <testcase classname="com.codon.VueHMS.testcases.References" name="editReferences" time="0.0">
    <ignored/>
  </testcase> <!-- editReferences -->
  <testcase classname="com.codon.VueHMS.testcases.ServicesOfferedGrid" name="serviceCreation" time="0.0">
    <ignored/>
  </testcase> <!-- serviceCreation -->
  <testcase classname="com.codon.VueHMS.testcases.Manufacturers" name="manufacturerCreation" time="0.0">
    <ignored/>
  </testcase> <!-- manufacturerCreation -->
  <testcase classname="com.codon.VueHMS.testcases.References" name="addReferences" time="0.0">
    <ignored/>
  </testcase> <!-- addReferences -->
  <testcase classname="com.codon.VueHMS.testcases.Departments" name="deleteDepartment" time="0.0">
    <ignored/>
  </testcase> <!-- deleteDepartment -->
  <testcase classname="com.codon.VueHMS.testcases.DoctorsGrid" name="deleteDoctor" time="0.0">
    <ignored/>
  </testcase> <!-- deleteDoctor -->
  <testcase classname="com.codon.VueHMS.testcases.PatientsModule" name="editPatientsDetails" time="0.0">
    <ignored/>
  </testcase> <!-- editPatientsDetails -->
  <testcase classname="com.codon.VueHMS.testcases.PrescribedTests" name="uploadTetsOrReports" time="0.0">
    <ignored/>
  </testcase> <!-- uploadTetsOrReports -->
  <testcase classname="com.codon.VueHMS.testcases.LocationsGrid" name="createBeds" time="0.0">
    <ignored/>
  </testcase> <!-- createBeds -->
  <testcase classname="com.codon.VueHMS.testcases.DoctorsGrid" name="doctorCreation" time="0.0">
    <ignored/>
  </testcase> <!-- doctorCreation -->
  <testcase classname="com.codon.VueHMS.testcases.MedicalHistoryTab" name="editMedicalHistory" time="0.0">
    <ignored/>
  </testcase> <!-- editMedicalHistory -->
  <testcase classname="com.codon.VueHMS.testcases.ServicesOfferedGrid" name="deleteServices" time="0.0">
    <ignored/>
  </testcase> <!-- deleteServices -->
  <testcase classname="com.codon.VueHMS.testcases.TaxCodes" name="editTaxCodes" time="0.0">
    <ignored/>
  </testcase> <!-- editTaxCodes -->
  <testcase classname="com.codon.VueHMS.testcases.Departments" name="editDepartmentDetails" time="0.0">
    <ignored/>
  </testcase> <!-- editDepartmentDetails -->
  <testcase classname="com.codon.VueHMS.testcases.Manufacturers" name="editManufacturerDetails" time="0.0">
    <ignored/>
  </testcase> <!-- editManufacturerDetails -->
  <testcase classname="com.codon.VueHMS.testcases.Appointments" name="admitAsINPatient" time="0.0">
    <ignored/>
  </testcase> <!-- admitAsINPatient -->
  <testcase classname="com.codon.VueHMS.testcases.MedicinesGrid" name="editStcokDetails" time="0.0">
    <ignored/>
  </testcase> <!-- editStcokDetails -->
  <testcase classname="com.codon.VueHMS.testcases.Appointments" name="appointmentCreation" time="0.0">
    <ignored/>
  </testcase> <!-- appointmentCreation -->
  <testcase classname="com.codon.VueHMS.testcases.ServiceCategory" name="deleteCategory" time="0.0">
    <ignored/>
  </testcase> <!-- deleteCategory -->
  <testcase classname="com.codon.VueHMS.testcases.LocationsGrid" name="deleteRoom" time="0.0">
    <ignored/>
  </testcase> <!-- deleteRoom -->
  <testcase classname="com.codon.VueHMS.testcases.UsersGrid" name="userCreation" time="0.0">
    <ignored/>
  </testcase> <!-- userCreation -->
  <testcase classname="com.codon.VueHMS.testcases.Skills" name="deleteSkills" time="0.0">
    <ignored/>
  </testcase> <!-- deleteSkills -->
  <testcase classname="com.codon.VueHMS.testcases.PackTypes" name="packTypesCreation" time="0.0">
    <ignored/>
  </testcase> <!-- packTypesCreation -->
  <testcase classname="com.codon.VueHMS.testcases.MedicinesGrid" name="medicinesCreation" time="0.0">
    <ignored/>
  </testcase> <!-- medicinesCreation -->
  <testcase classname="com.codon.VueHMS.testcases.ServiceCategory" name="serviceCatgCreation" time="0.0">
    <ignored/>
  </testcase> <!-- serviceCatgCreation -->
  <testcase classname="com.codon.VueHMS.testcases.ServiceCategory" name="editServiceCatgDetails" time="0.0">
    <ignored/>
  </testcase> <!-- editServiceCatgDetails -->
  <testcase classname="com.codon.VueHMS.testcases.Skills" name="editSkills" time="0.0">
    <ignored/>
  </testcase> <!-- editSkills -->
  <testcase classname="com.codon.VueHMS.testcases.PatientsModule" name="deletePatients" time="0.0">
    <ignored/>
  </testcase> <!-- deletePatients -->
</testsuite> <!-- Test -->
