<?xml version="1.0" encoding="UTF-8"?>
<!-- Generated by org.testng.reporters.JUnitXMLReporter -->
<testsuite ignored="0" hostname="NARASIMHA" failures="0" tests="3" name="Default test" time="46.905" errors="0" timestamp="2023-08-02T15:52:24 IST">
  <testcase classname="com.anz.testcases.UserInfo" name="getAmountwithProperDetails" time="14.611"/>
  <testcase classname="com.anz.testcases.UserInfo" name="getErrorMsg" time="6.527"/>
  <testcase classname="com.anz.testcases.UserInfo" name="startOverthePage" time="2.308"/>
</testsuite> <!-- Default test -->
