<?xml version="1.0" encoding="UTF-8"?>
<!-- Generated by org.testng.reporters.JUnitXMLReporter -->
<testsuite ignored="0" hostname="NARASIMHA" failures="0" tests="3" name="Test" time="58.17" errors="0" timestamp="2023-08-02T16:01:36 IST">
  <testcase classname="com.anz.testcases.UserInfo" name="getAmountwithProperDetails" time="14.417"/>
  <testcase classname="com.anz.testcases.UserInfo" name="startOverthePage" time="2.316"/>
  <testcase classname="com.anz.testcases.UserInfo" name="getErrorMsg" time="7.842"/>
</testsuite> <!-- Test -->
